2026-06-03 18:52:15 | INFO | Initialized GasNet_II_Replica on cuda
2026-06-03 18:52:15 | INFO | Calculated and applied inverse class weights to FocalLoss.
2026-06-03 18:52:16 | INFO | Starting training for 75 epochs...
2026-06-03 18:53:54 | INFO | Epoch 01/75 | Tr Loss: 1.7212 | Tr Acc: 0.5093 | Val Loss: 1.0210 | Val Acc: 0.6986
2026-06-03 18:53:54 | INFO |  -> New Best Model Saved (Acc: 0.6986)
2026-06-03 18:55:33 | INFO | Epoch 02/75 | Tr Loss: 1.1295 | Tr Acc: 0.7652 | Val Loss: 0.8100 | Val Acc: 0.7843
2026-06-03 18:55:34 | INFO |  -> New Best Model Saved (Acc: 0.7843)
2026-06-03 18:57:14 | INFO | Epoch 03/75 | Tr Loss: 1.0052 | Tr Acc: 0.8158 | Val Loss: 0.7154 | Val Acc: 0.8273
2026-06-03 18:57:14 | INFO |  -> New Best Model Saved (Acc: 0.8273)
2026-06-03 18:58:56 | INFO | Epoch 04/75 | Tr Loss: 0.9116 | Tr Acc: 0.8392 | Val Loss: 0.6607 | Val Acc: 0.8492
2026-06-03 18:58:56 | INFO |  -> New Best Model Saved (Acc: 0.8492)
2026-06-03 19:00:34 | INFO | Epoch 05/75 | Tr Loss: 0.9151 | Tr Acc: 0.8536 | Val Loss: 0.6223 | Val Acc: 0.8707
2026-06-03 19:00:34 | INFO |  -> New Best Model Saved (Acc: 0.8707)
2026-06-03 19:02:11 | INFO | Epoch 06/75 | Tr Loss: 0.8549 | Tr Acc: 0.8656 | Val Loss: 0.5916 | Val Acc: 0.8831
2026-06-03 19:02:11 | INFO |  -> New Best Model Saved (Acc: 0.8831)
2026-06-03 19:03:51 | INFO | Epoch 07/75 | Tr Loss: 0.8518 | Tr Acc: 0.8716 | Val Loss: 0.5772 | Val Acc: 0.8894
2026-06-03 19:03:51 | INFO |  -> New Best Model Saved (Acc: 0.8894)
2026-06-03 19:05:28 | INFO | Epoch 08/75 | Tr Loss: 0.8053 | Tr Acc: 0.8771 | Val Loss: 0.5643 | Val Acc: 0.8945
2026-06-03 19:05:28 | INFO |  -> New Best Model Saved (Acc: 0.8945)
2026-06-03 19:07:04 | INFO | Epoch 09/75 | Tr Loss: 0.8172 | Tr Acc: 0.8799 | Val Loss: 0.5577 | Val Acc: 0.8986
2026-06-03 19:07:04 | INFO |  -> New Best Model Saved (Acc: 0.8986)
2026-06-03 19:08:42 | INFO | Epoch 10/75 | Tr Loss: 0.8090 | Tr Acc: 0.8835 | Val Loss: 0.5571 | Val Acc: 0.8998
2026-06-03 19:08:42 | INFO |  -> New Best Model Saved (Acc: 0.8998)
2026-06-03 19:10:19 | INFO | Epoch 11/75 | Tr Loss: 0.8240 | Tr Acc: 0.8835 | Val Loss: 0.5605 | Val Acc: 0.9003
2026-06-03 19:10:20 | INFO |  -> New Best Model Saved (Acc: 0.9003)
2026-06-03 19:11:57 | INFO | Epoch 12/75 | Tr Loss: 0.8072 | Tr Acc: 0.8878 | Val Loss: 0.5579 | Val Acc: 0.9022
2026-06-03 19:11:57 | INFO |  -> New Best Model Saved (Acc: 0.9022)
2026-06-03 19:13:34 | INFO | Epoch 13/75 | Tr Loss: 0.8008 | Tr Acc: 0.8905 | Val Loss: 0.5563 | Val Acc: 0.9034
2026-06-03 19:13:34 | INFO |  -> New Best Model Saved (Acc: 0.9034)
2026-06-03 19:15:12 | INFO | Epoch 14/75 | Tr Loss: 0.8391 | Tr Acc: 0.8877 | Val Loss: 0.5639 | Val Acc: 0.9025
2026-06-03 19:16:50 | INFO | Epoch 15/75 | Tr Loss: 0.8727 | Tr Acc: 0.8609 | Val Loss: 0.6237 | Val Acc: 0.8846
2026-06-03 19:18:24 | INFO | Epoch 16/75 | Tr Loss: 0.8598 | Tr Acc: 0.8715 | Val Loss: 0.6946 | Val Acc: 0.8826
2026-06-03 19:20:01 | INFO | Epoch 17/75 | Tr Loss: 0.8167 | Tr Acc: 0.8860 | Val Loss: 0.6411 | Val Acc: 0.8922
2026-06-03 19:21:39 | INFO | Epoch 18/75 | Tr Loss: 0.7690 | Tr Acc: 0.8931 | Val Loss: 0.5802 | Val Acc: 0.8994
2026-06-03 19:23:14 | INFO | Epoch 19/75 | Tr Loss: 0.7656 | Tr Acc: 0.8908 | Val Loss: 0.5599 | Val Acc: 0.9013
2026-06-03 19:24:52 | INFO | Epoch 20/75 | Tr Loss: 0.7573 | Tr Acc: 0.8932 | Val Loss: 0.5474 | Val Acc: 0.9041
2026-06-03 19:24:52 | INFO |  -> New Best Model Saved (Acc: 0.9041)
2026-06-03 19:26:30 | INFO | Epoch 21/75 | Tr Loss: 0.7472 | Tr Acc: 0.8945 | Val Loss: 0.5393 | Val Acc: 0.9052
2026-06-03 19:26:31 | INFO |  -> New Best Model Saved (Acc: 0.9052)
2026-06-03 19:28:08 | INFO | Epoch 22/75 | Tr Loss: 0.7748 | Tr Acc: 0.8975 | Val Loss: 0.5376 | Val Acc: 0.9074
2026-06-03 19:28:08 | INFO |  -> New Best Model Saved (Acc: 0.9074)
2026-06-03 19:29:44 | INFO | Epoch 23/75 | Tr Loss: 0.7570 | Tr Acc: 0.9001 | Val Loss: 0.5350 | Val Acc: 0.9077
2026-06-03 19:29:44 | INFO |  -> New Best Model Saved (Acc: 0.9077)
2026-06-03 19:31:23 | INFO | Epoch 24/75 | Tr Loss: 0.7445 | Tr Acc: 0.9016 | Val Loss: 0.5310 | Val Acc: 0.9097
2026-06-03 19:31:23 | INFO |  -> New Best Model Saved (Acc: 0.9097)
2026-06-03 19:33:02 | INFO | Epoch 25/75 | Tr Loss: 0.7280 | Tr Acc: 0.9045 | Val Loss: 0.5257 | Val Acc: 0.9114
2026-06-03 19:33:02 | INFO |  -> New Best Model Saved (Acc: 0.9114)
2026-06-03 19:34:42 | INFO | Epoch 26/75 | Tr Loss: 0.7430 | Tr Acc: 0.9044 | Val Loss: 0.5231 | Val Acc: 0.9127
2026-06-03 19:34:42 | INFO |  -> New Best Model Saved (Acc: 0.9127)
2026-06-03 19:36:22 | INFO | Epoch 27/75 | Tr Loss: 0.7344 | Tr Acc: 0.9045 | Val Loss: 0.5222 | Val Acc: 0.9125
2026-06-03 19:38:01 | INFO | Epoch 28/75 | Tr Loss: 0.7395 | Tr Acc: 0.9095 | Val Loss: 0.5208 | Val Acc: 0.9135
2026-06-03 19:38:01 | INFO |  -> New Best Model Saved (Acc: 0.9135)
2026-06-03 19:39:40 | INFO | Epoch 29/75 | Tr Loss: 0.7236 | Tr Acc: 0.9104 | Val Loss: 0.5164 | Val Acc: 0.9151
2026-06-03 19:39:40 | INFO |  -> New Best Model Saved (Acc: 0.9151)
2026-06-03 19:41:18 | INFO | Epoch 30/75 | Tr Loss: 0.6987 | Tr Acc: 0.9140 | Val Loss: 0.5091 | Val Acc: 0.9167
2026-06-03 19:41:19 | INFO |  -> New Best Model Saved (Acc: 0.9167)
2026-06-03 19:42:56 | INFO | Epoch 31/75 | Tr Loss: 0.7157 | Tr Acc: 0.9170 | Val Loss: 0.5091 | Val Acc: 0.9167
2026-06-03 19:42:56 | INFO |  -> New Best Model Saved (Acc: 0.9167)
2026-06-03 19:44:35 | INFO | Epoch 32/75 | Tr Loss: 0.7242 | Tr Acc: 0.9160 | Val Loss: 0.5090 | Val Acc: 0.9177
2026-06-03 19:44:36 | INFO |  -> New Best Model Saved (Acc: 0.9177)
2026-06-03 19:46:14 | INFO | Epoch 33/75 | Tr Loss: 0.7115 | Tr Acc: 0.9186 | Val Loss: 0.5073 | Val Acc: 0.9182
2026-06-03 19:46:14 | INFO |  -> New Best Model Saved (Acc: 0.9182)
2026-06-03 19:47:54 | INFO | Epoch 34/75 | Tr Loss: 0.7157 | Tr Acc: 0.9187 | Val Loss: 0.5049 | Val Acc: 0.9202
2026-06-03 19:47:54 | INFO |  -> New Best Model Saved (Acc: 0.9202)
2026-06-03 19:49:34 | INFO | Epoch 35/75 | Tr Loss: 0.7049 | Tr Acc: 0.9217 | Val Loss: 0.5035 | Val Acc: 0.9198
2026-06-03 19:51:15 | INFO | Epoch 36/75 | Tr Loss: 0.7020 | Tr Acc: 0.9230 | Val Loss: 0.5028 | Val Acc: 0.9202
2026-06-03 19:51:15 | INFO |  -> New Best Model Saved (Acc: 0.9202)
2026-06-03 19:52:54 | INFO | Epoch 37/75 | Tr Loss: 0.7121 | Tr Acc: 0.9236 | Val Loss: 0.5041 | Val Acc: 0.9203
2026-06-03 19:52:54 | INFO |  -> New Best Model Saved (Acc: 0.9203)
2026-06-03 19:54:34 | INFO | Epoch 38/75 | Tr Loss: 0.6862 | Tr Acc: 0.9265 | Val Loss: 0.5002 | Val Acc: 0.9213
2026-06-03 19:54:34 | INFO |  -> New Best Model Saved (Acc: 0.9213)
2026-06-03 19:56:14 | INFO | Epoch 39/75 | Tr Loss: 0.6960 | Tr Acc: 0.9276 | Val Loss: 0.4985 | Val Acc: 0.9211
2026-06-03 19:57:53 | INFO | Epoch 40/75 | Tr Loss: 0.6828 | Tr Acc: 0.9293 | Val Loss: 0.4972 | Val Acc: 0.9210
2026-06-03 19:59:33 | INFO | Epoch 41/75 | Tr Loss: 0.6777 | Tr Acc: 0.9312 | Val Loss: 0.4969 | Val Acc: 0.9208
2026-06-03 20:01:13 | INFO | Epoch 42/75 | Tr Loss: 0.6864 | Tr Acc: 0.9313 | Val Loss: 0.4965 | Val Acc: 0.9207
2026-06-03 20:02:54 | INFO | Epoch 43/75 | Tr Loss: 0.6614 | Tr Acc: 0.9346 | Val Loss: 0.4937 | Val Acc: 0.9215
2026-06-03 20:02:54 | INFO |  -> New Best Model Saved (Acc: 0.9215)
2026-06-03 20:04:33 | INFO | Epoch 44/75 | Tr Loss: 0.6748 | Tr Acc: 0.9361 | Val Loss: 0.4931 | Val Acc: 0.9221
2026-06-03 20:04:34 | INFO |  -> New Best Model Saved (Acc: 0.9221)
2026-06-03 20:06:13 | INFO | Epoch 45/75 | Tr Loss: 0.6697 | Tr Acc: 0.9378 | Val Loss: 0.4932 | Val Acc: 0.9219
2026-06-03 20:07:54 | INFO | Epoch 46/75 | Tr Loss: 0.6549 | Tr Acc: 0.9378 | Val Loss: 0.4915 | Val Acc: 0.9231
2026-06-03 20:07:54 | INFO |  -> New Best Model Saved (Acc: 0.9231)
2026-06-03 20:09:36 | INFO | Epoch 47/75 | Tr Loss: 0.6586 | Tr Acc: 0.9404 | Val Loss: 0.4919 | Val Acc: 0.9223
2026-06-03 20:11:17 | INFO | Epoch 48/75 | Tr Loss: 0.6492 | Tr Acc: 0.9432 | Val Loss: 0.4908 | Val Acc: 0.9229
2026-06-03 20:12:56 | INFO | Epoch 49/75 | Tr Loss: 0.6500 | Tr Acc: 0.9459 | Val Loss: 0.4916 | Val Acc: 0.9232
2026-06-03 20:12:56 | INFO |  -> New Best Model Saved (Acc: 0.9232)
2026-06-03 20:14:35 | INFO | Epoch 50/75 | Tr Loss: 0.6269 | Tr Acc: 0.9479 | Val Loss: 0.4920 | Val Acc: 0.9230
2026-06-03 20:16:14 | INFO | Epoch 51/75 | Tr Loss: 0.6369 | Tr Acc: 0.9496 | Val Loss: 0.4937 | Val Acc: 0.9222
2026-06-03 20:17:50 | INFO | Epoch 52/75 | Tr Loss: 0.6309 | Tr Acc: 0.9507 | Val Loss: 0.4943 | Val Acc: 0.9220
2026-06-03 20:19:26 | INFO | Epoch 53/75 | Tr Loss: 0.6252 | Tr Acc: 0.9538 | Val Loss: 0.4945 | Val Acc: 0.9227
2026-06-03 20:21:04 | INFO | Epoch 54/75 | Tr Loss: 0.6286 | Tr Acc: 0.9564 | Val Loss: 0.4954 | Val Acc: 0.9226
2026-06-03 20:22:40 | INFO | Epoch 55/75 | Tr Loss: 0.6357 | Tr Acc: 0.9586 | Val Loss: 0.4974 | Val Acc: 0.9220
2026-06-03 20:24:17 | INFO | Epoch 56/75 | Tr Loss: 0.6325 | Tr Acc: 0.9598 | Val Loss: 0.4987 | Val Acc: 0.9223
2026-06-03 20:25:53 | INFO | Epoch 57/75 | Tr Loss: 0.5930 | Tr Acc: 0.9623 | Val Loss: 0.4988 | Val Acc: 0.9221
2026-06-03 20:27:28 | INFO | Epoch 58/75 | Tr Loss: 0.6105 | Tr Acc: 0.9623 | Val Loss: 0.5001 | Val Acc: 0.9221
2026-06-03 20:29:05 | INFO | Epoch 59/75 | Tr Loss: 0.5911 | Tr Acc: 0.9653 | Val Loss: 0.5009 | Val Acc: 0.9222
2026-06-03 20:30:43 | INFO | Epoch 60/75 | Tr Loss: 0.6057 | Tr Acc: 0.9683 | Val Loss: 0.5030 | Val Acc: 0.9220
2026-06-03 20:32:19 | INFO | Epoch 61/75 | Tr Loss: 0.6062 | Tr Acc: 0.9688 | Val Loss: 0.5042 | Val Acc: 0.9219
2026-06-03 20:33:54 | INFO | Epoch 62/75 | Tr Loss: 0.5833 | Tr Acc: 0.9712 | Val Loss: 0.5051 | Val Acc: 0.9220
2026-06-03 20:35:31 | INFO | Epoch 63/75 | Tr Loss: 0.6158 | Tr Acc: 0.9727 | Val Loss: 0.5073 | Val Acc: 0.9213
2026-06-03 20:37:09 | INFO | Epoch 64/75 | Tr Loss: 0.6023 | Tr Acc: 0.9735 | Val Loss: 0.5087 | Val Acc: 0.9216
2026-06-03 20:38:46 | INFO | Epoch 65/75 | Tr Loss: 0.5955 | Tr Acc: 0.9759 | Val Loss: 0.5100 | Val Acc: 0.9212
2026-06-03 20:40:23 | INFO | Epoch 66/75 | Tr Loss: 0.5929 | Tr Acc: 0.9764 | Val Loss: 0.5107 | Val Acc: 0.9217
2026-06-03 20:42:01 | INFO | Epoch 67/75 | Tr Loss: 0.5880 | Tr Acc: 0.9774 | Val Loss: 0.5121 | Val Acc: 0.9216
2026-06-03 20:43:38 | INFO | Epoch 68/75 | Tr Loss: 0.5733 | Tr Acc: 0.9785 | Val Loss: 0.5130 | Val Acc: 0.9214
2026-06-03 20:45:17 | INFO | Epoch 69/75 | Tr Loss: 0.5906 | Tr Acc: 0.9790 | Val Loss: 0.5142 | Val Acc: 0.9214
2026-06-03 20:46:57 | INFO | Epoch 70/75 | Tr Loss: 0.5802 | Tr Acc: 0.9794 | Val Loss: 0.5146 | Val Acc: 0.9214
2026-06-03 20:48:37 | INFO | Epoch 71/75 | Tr Loss: 0.5761 | Tr Acc: 0.9799 | Val Loss: 0.5151 | Val Acc: 0.9212
2026-06-03 20:50:16 | INFO | Epoch 72/75 | Tr Loss: 0.5548 | Tr Acc: 0.9804 | Val Loss: 0.5151 | Val Acc: 0.9217
2026-06-03 20:51:56 | INFO | Epoch 73/75 | Tr Loss: 0.5927 | Tr Acc: 0.9806 | Val Loss: 0.5160 | Val Acc: 0.9210
2026-06-03 20:53:36 | INFO | Epoch 74/75 | Tr Loss: 0.6021 | Tr Acc: 0.9809 | Val Loss: 0.5170 | Val Acc: 0.9209
2026-06-03 20:55:15 | INFO | Epoch 75/75 | Tr Loss: 0.5655 | Tr Acc: 0.9810 | Val Loss: 0.5165 | Val Acc: 0.9212
2026-06-03 20:55:29 | INFO | ========== FINAL TEST RESULTS ==========
2026-06-03 20:55:29 | INFO | Test Loss: 0.2311 | Test Acc: 0.9251 (92.51%)
2026-06-03 20:55:29 | INFO | ========================================
